2016-06-22 16:53:53,737 [Worker-14] INFO  o.e.m.c.i.l.LifecycleMappingFactory - Using org.eclipse.m2e.jdt.JarLifecycleMapping lifecycle mapping for MavenProject: com.talentica.sdn:captiveportal-web:0.0.1-SNAPSHOT @ /home/naren/captiveportal/captiveportal-web/pom.xml.
2016-06-22 16:54:02,461 [Worker-14] INFO  o.e.m.c.i.l.LifecycleMappingFactory - Using org.eclipse.m2e.jdt.JarLifecycleMapping lifecycle mapping for MavenProject: com.talentica.sdn:captiveportal-service:0.0.1-SNAPSHOT @ /home/naren/captiveportal/captiveportal-service/pom.xml.
2016-06-22 16:54:02,509 [Worker-14] INFO  o.e.m.c.i.l.LifecycleMappingFactory - Using org.eclipse.m2e.jdt.JarLifecycleMapping lifecycle mapping for MavenProject: com.talentica.sdn:captiveportal-persistence:0.0.1-SNAPSHOT @ /home/naren/captiveportal/captiveportal-persistence/pom.xml.
2016-06-22 16:54:02,541 [Worker-14] INFO  o.e.m.c.i.l.LifecycleMappingFactory - Using org.eclipse.m2e.jdt.JarLifecycleMapping lifecycle mapping for MavenProject: com.talentica.sdn:captiveportal-security:0.0.1-SNAPSHOT @ /home/naren/captiveportal/captiveportal-security/pom.xml.
2016-06-22 16:54:02,572 [Worker-14] INFO  o.e.m.c.i.l.LifecycleMappingFactory - Using org.eclipse.m2e.jdt.JarLifecycleMapping lifecycle mapping for MavenProject: com.talentica.sdn:captiveportal-common:0.0.1-SNAPSHOT @ /home/naren/captiveportal/captiveportal-common/pom.xml.
2016-06-22 16:54:12,462 [Worker-14] INFO  o.e.m.j.i.AbstractJavaProjectConfigurator - Adding source folder /captiveportal-common/src/main/java
2016-06-22 16:54:12,463 [Worker-14] INFO  o.e.m.j.i.AbstractJavaProjectConfigurator - Adding source folder /captiveportal-common/src/test/java
2016-06-22 16:54:12,557 [Worker-14] INFO  o.e.m.j.i.AbstractJavaProjectConfigurator - Adding source folder /captiveportal-persistence/src/main/java
2016-06-22 16:54:12,572 [Worker-14] INFO  o.e.m.j.i.AbstractJavaProjectConfigurator - Adding resource folder /captiveportal-persistence/src/main/resources
2016-06-22 16:54:12,572 [Worker-14] INFO  o.e.m.j.i.AbstractJavaProjectConfigurator - Adding source folder /captiveportal-persistence/src/test/java
2016-06-22 16:54:12,633 [Worker-14] INFO  o.e.m.j.i.AbstractJavaProjectConfigurator - Adding source folder /captiveportal-service/src/main/java
2016-06-22 16:54:12,634 [Worker-14] INFO  o.e.m.j.i.AbstractJavaProjectConfigurator - Adding source folder /captiveportal-service/src/test/java
2016-06-22 16:54:12,698 [Worker-14] INFO  o.e.m.j.i.AbstractJavaProjectConfigurator - Adding source folder /captiveportal-security/src/main/java
2016-06-22 16:54:12,699 [Worker-14] INFO  o.e.m.j.i.AbstractJavaProjectConfigurator - Adding source folder /captiveportal-security/src/test/java
2016-06-22 16:54:12,758 [Worker-14] INFO  o.e.m.j.i.AbstractJavaProjectConfigurator - Adding source folder /captiveportal-web/src/main/java
2016-06-22 16:54:12,758 [Worker-14] INFO  o.e.m.j.i.AbstractJavaProjectConfigurator - Adding resource folder /captiveportal-web/src/main/resources
2016-06-22 16:54:12,758 [Worker-14] INFO  o.e.m.j.i.AbstractJavaProjectConfigurator - Adding source folder /captiveportal-web/src/test/java
2016-06-22 16:54:12,800 [Worker-14] INFO  o.e.m.c.i.p.ProjectConfigurationManager - Imported and configured 5 project(s) in 30 sec
2016-06-22 16:54:13,932 [Worker-15] INFO  o.e.m.c.i.embedder.EclipseLogger - Using 'UTF-8' encoding to copy filtered resources.
2016-06-22 16:54:13,933 [Worker-15] INFO  o.e.m.c.i.embedder.EclipseLogger - skip non existing resourceDirectory /home/naren/captiveportal/captiveportal-common/src/main/resources
2016-06-22 16:54:13,935 [Worker-15] INFO  o.e.m.c.i.embedder.EclipseLogger - Using 'UTF-8' encoding to copy filtered resources.
2016-06-22 16:54:13,935 [Worker-15] INFO  o.e.m.c.i.embedder.EclipseLogger - skip non existing resourceDirectory /home/naren/captiveportal/captiveportal-common/src/test/resources
2016-06-22 16:54:15,366 [Worker-15] INFO  o.e.m.c.i.embedder.EclipseLogger - Using 'UTF-8' encoding to copy filtered resources.
2016-06-22 16:54:15,391 [Worker-15] INFO  o.e.m.c.i.embedder.EclipseLogger - Copying 4 resources
2016-06-22 16:54:15,572 [Worker-15] INFO  o.e.m.c.i.embedder.EclipseLogger - Using 'UTF-8' encoding to copy filtered resources.
2016-06-22 16:54:15,573 [Worker-15] INFO  o.e.m.c.i.embedder.EclipseLogger - skip non existing resourceDirectory /home/naren/captiveportal/captiveportal-persistence/src/test/resources
2016-06-22 16:54:16,094 [Worker-15] INFO  o.e.m.c.i.embedder.EclipseLogger - Using 'UTF-8' encoding to copy filtered resources.
2016-06-22 16:54:16,094 [Worker-15] INFO  o.e.m.c.i.embedder.EclipseLogger - skip non existing resourceDirectory /home/naren/captiveportal/captiveportal-service/src/main/resources
2016-06-22 16:54:16,095 [Worker-15] INFO  o.e.m.c.i.embedder.EclipseLogger - Using 'UTF-8' encoding to copy filtered resources.
2016-06-22 16:54:16,095 [Worker-15] INFO  o.e.m.c.i.embedder.EclipseLogger - skip non existing resourceDirectory /home/naren/captiveportal/captiveportal-service/src/test/resources
2016-06-22 16:54:16,721 [Worker-15] INFO  o.e.m.c.i.embedder.EclipseLogger - Using 'UTF-8' encoding to copy filtered resources.
2016-06-22 16:54:16,722 [Worker-15] INFO  o.e.m.c.i.embedder.EclipseLogger - skip non existing resourceDirectory /home/naren/captiveportal/captiveportal-security/src/main/resources
2016-06-22 16:54:16,726 [Worker-15] INFO  o.e.m.c.i.embedder.EclipseLogger - Using 'UTF-8' encoding to copy filtered resources.
2016-06-22 16:54:16,726 [Worker-15] INFO  o.e.m.c.i.embedder.EclipseLogger - skip non existing resourceDirectory /home/naren/captiveportal/captiveportal-security/src/test/resources
2016-06-22 16:54:18,056 [Worker-15] INFO  o.e.m.c.i.embedder.EclipseLogger - Using 'UTF-8' encoding to copy filtered resources.
2016-06-22 16:54:18,060 [Worker-15] INFO  o.e.m.c.i.embedder.EclipseLogger - Copying 18 resources
2016-06-22 16:54:18,417 [Worker-15] INFO  o.e.m.c.i.embedder.EclipseLogger - Using 'UTF-8' encoding to copy filtered resources.
2016-06-22 16:54:18,418 [Worker-15] INFO  o.e.m.c.i.embedder.EclipseLogger - skip non existing resourceDirectory /home/naren/captiveportal/captiveportal-web/src/test/resources
2016-06-22 16:59:35,989 [main] INFO  c.g.t.t.d.PublishedGradleVersions - Gradle version information cache file is out-of-date. Remote download required.
